/home/viator/ws/ttb4_ws/disaster_bot/install/disaster_bot/lib/python3.10/site-packages/disaster_bot/fire_ex5.py
/home/viator/ws/ttb4_ws/disaster_bot/install/disaster_bot/lib/python3.10/site-packages/disaster_bot/fire_ex4.py
/home/viator/ws/ttb4_ws/disaster_bot/install/disaster_bot/lib/python3.10/site-packages/disaster_bot/ttb4_compare2frame.py
/home/viator/ws/ttb4_ws/disaster_bot/install/disaster_bot/lib/python3.10/site-packages/disaster_bot/ttb4_orb.py
/home/viator/ws/ttb4_ws/disaster_bot/install/disaster_bot/lib/python3.10/site-packages/disaster_bot/fire_ex2.py
/home/viator/ws/ttb4_ws/disaster_bot/install/disaster_bot/lib/python3.10/site-packages/disaster_bot/fire_ex1.py
/home/viator/ws/ttb4_ws/disaster_bot/install/disaster_bot/lib/python3.10/site-packages/disaster_bot/ttb4_opitcal_flow.py
/home/viator/ws/ttb4_ws/disaster_bot/install/disaster_bot/lib/python3.10/site-packages/disaster_bot/__init__.py
/home/viator/ws/ttb4_ws/disaster_bot/install/disaster_bot/lib/python3.10/site-packages/disaster_bot/fire_ex_ori2.py
/home/viator/ws/ttb4_ws/disaster_bot/install/disaster_bot/lib/python3.10/site-packages/disaster_bot/fire_ex.py
/home/viator/ws/ttb4_ws/disaster_bot/install/disaster_bot/lib/python3.10/site-packages/disaster_bot/fire_ex_ori.py
/home/viator/ws/ttb4_ws/disaster_bot/install/disaster_bot/lib/python3.10/site-packages/disaster_bot/fire_ex3.py
/home/viator/ws/ttb4_ws/disaster_bot/install/disaster_bot/lib/python3.10/site-packages/disaster_bot/__pycache__/fire_ex5.cpython-310.pyc
/home/viator/ws/ttb4_ws/disaster_bot/install/disaster_bot/lib/python3.10/site-packages/disaster_bot/__pycache__/fire_ex4.cpython-310.pyc
/home/viator/ws/ttb4_ws/disaster_bot/install/disaster_bot/lib/python3.10/site-packages/disaster_bot/__pycache__/ttb4_compare2frame.cpython-310.pyc
/home/viator/ws/ttb4_ws/disaster_bot/install/disaster_bot/lib/python3.10/site-packages/disaster_bot/__pycache__/ttb4_orb.cpython-310.pyc
/home/viator/ws/ttb4_ws/disaster_bot/install/disaster_bot/lib/python3.10/site-packages/disaster_bot/__pycache__/fire_ex2.cpython-310.pyc
/home/viator/ws/ttb4_ws/disaster_bot/install/disaster_bot/lib/python3.10/site-packages/disaster_bot/__pycache__/fire_ex1.cpython-310.pyc
/home/viator/ws/ttb4_ws/disaster_bot/install/disaster_bot/lib/python3.10/site-packages/disaster_bot/__pycache__/ttb4_opitcal_flow.cpython-310.pyc
/home/viator/ws/ttb4_ws/disaster_bot/install/disaster_bot/lib/python3.10/site-packages/disaster_bot/__pycache__/__init__.cpython-310.pyc
/home/viator/ws/ttb4_ws/disaster_bot/install/disaster_bot/lib/python3.10/site-packages/disaster_bot/__pycache__/fire_ex_ori2.cpython-310.pyc
/home/viator/ws/ttb4_ws/disaster_bot/install/disaster_bot/lib/python3.10/site-packages/disaster_bot/__pycache__/fire_ex.cpython-310.pyc
/home/viator/ws/ttb4_ws/disaster_bot/install/disaster_bot/lib/python3.10/site-packages/disaster_bot/__pycache__/fire_ex_ori.cpython-310.pyc
/home/viator/ws/ttb4_ws/disaster_bot/install/disaster_bot/lib/python3.10/site-packages/disaster_bot/__pycache__/fire_ex3.cpython-310.pyc
/home/viator/ws/ttb4_ws/disaster_bot/install/disaster_bot/share/ament_index/resource_index/packages/disaster_bot
/home/viator/ws/ttb4_ws/disaster_bot/install/disaster_bot/share/disaster_bot/package.xml
/home/viator/ws/ttb4_ws/disaster_bot/install/disaster_bot/lib/python3.10/site-packages/disaster_bot-0.0.0-py3.10.egg-info/requires.txt
/home/viator/ws/ttb4_ws/disaster_bot/install/disaster_bot/lib/python3.10/site-packages/disaster_bot-0.0.0-py3.10.egg-info/zip-safe
/home/viator/ws/ttb4_ws/disaster_bot/install/disaster_bot/lib/python3.10/site-packages/disaster_bot-0.0.0-py3.10.egg-info/PKG-INFO
/home/viator/ws/ttb4_ws/disaster_bot/install/disaster_bot/lib/python3.10/site-packages/disaster_bot-0.0.0-py3.10.egg-info/SOURCES.txt
/home/viator/ws/ttb4_ws/disaster_bot/install/disaster_bot/lib/python3.10/site-packages/disaster_bot-0.0.0-py3.10.egg-info/entry_points.txt
/home/viator/ws/ttb4_ws/disaster_bot/install/disaster_bot/lib/python3.10/site-packages/disaster_bot-0.0.0-py3.10.egg-info/top_level.txt
/home/viator/ws/ttb4_ws/disaster_bot/install/disaster_bot/lib/python3.10/site-packages/disaster_bot-0.0.0-py3.10.egg-info/dependency_links.txt
/home/viator/ws/ttb4_ws/disaster_bot/install/disaster_bot/lib/disaster_bot/dibot
