[0.192s] DEBUG:colcon:Command line arguments: ['/usr/bin/colcon', 'build']
[0.192s] DEBUG:colcon:Parsed command line arguments: Namespace(log_base=None, log_level=None, verb_name='build', build_base='build', install_base='install', merge_install=False, symlink_install=False, test_result_base=None, continue_on_error=False, executor='parallel', parallel_workers=4, event_handlers=None, ignore_user_meta=False, metas=['./colcon.meta'], base_paths=['.'], packages_ignore=None, packages_ignore_regex=None, paths=None, packages_up_to=None, packages_up_to_regex=None, packages_above=None, packages_above_and_dependencies=None, packages_above_depth=None, packages_select_by_dep=None, packages_skip_by_dep=None, packages_skip_up_to=None, packages_select_build_failed=False, packages_skip_build_finished=False, packages_select_test_failures=False, packages_skip_test_passed=False, packages_select=None, packages_skip=None, packages_select_regex=None, packages_skip_regex=None, packages_start=None, packages_end=None, allow_overriding=[], cmake_args=None, cmake_target=None, cmake_target_skip_unavailable=False, cmake_clean_cache=False, cmake_clean_first=False, cmake_force_configure=False, ament_cmake_args=None, catkin_cmake_args=None, catkin_skip_building_tests=False, mixin_files=None, mixin=None, verb_parser=<colcon_mixin.mixin.mixin_argument.MixinArgumentDecorator object at 0x714fdc949180>, verb_extension=<colcon_core.verb.build.BuildVerb object at 0x714fdc948bb0>, main=<bound method BuildVerb.main of <colcon_core.verb.build.BuildVerb object at 0x714fdc948bb0>>, mixin_verb=('build',))
[0.419s] Level 1:colcon.colcon_core.package_discovery:discover_packages(colcon_meta) check parameters
[0.419s] Level 1:colcon.colcon_core.package_discovery:discover_packages(recursive) check parameters
[0.419s] Level 1:colcon.colcon_core.package_discovery:discover_packages(ignore) check parameters
[0.419s] Level 1:colcon.colcon_core.package_discovery:discover_packages(path) check parameters
[0.419s] Level 1:colcon.colcon_core.package_discovery:discover_packages(colcon_meta) discover
[0.419s] Level 1:colcon.colcon_core.package_discovery:discover_packages(recursive) discover
[0.419s] INFO:colcon.colcon_core.package_discovery:Crawling recursively for packages in '/home/viator/ws/ttb4_ws/disaster_bot'
[0.419s] Level 1:colcon.colcon_core.package_identification:_identify(.) by extensions ['ignore', 'ignore_ament_install']
[0.419s] Level 1:colcon.colcon_core.package_identification:_identify(.) by extension 'ignore'
[0.419s] Level 1:colcon.colcon_core.package_identification:_identify(.) by extension 'ignore_ament_install'
[0.419s] Level 1:colcon.colcon_core.package_identification:_identify(.) by extensions ['colcon_pkg']
[0.419s] Level 1:colcon.colcon_core.package_identification:_identify(.) by extension 'colcon_pkg'
[0.419s] Level 1:colcon.colcon_core.package_identification:_identify(.) by extensions ['colcon_meta']
[0.419s] Level 1:colcon.colcon_core.package_identification:_identify(.) by extension 'colcon_meta'
[0.419s] Level 1:colcon.colcon_core.package_identification:_identify(.) by extensions ['ros']
[0.419s] Level 1:colcon.colcon_core.package_identification:_identify(.) by extension 'ros'
[0.433s] DEBUG:colcon.colcon_core.package_identification:Package '.' with type 'ros.ament_python' and name 'disaster_bot'
[0.434s] Level 1:colcon.colcon_core.package_discovery:discover_packages(recursive) using defaults
[0.434s] Level 1:colcon.colcon_core.package_discovery:discover_packages(ignore) discover
[0.434s] Level 1:colcon.colcon_core.package_discovery:discover_packages(ignore) using defaults
[0.434s] Level 1:colcon.colcon_core.package_discovery:discover_packages(path) discover
[0.434s] Level 1:colcon.colcon_core.package_discovery:discover_packages(path) using defaults
[0.455s] Level 1:colcon.colcon_core.package_discovery:discover_packages(prefix_path) check parameters
[0.455s] Level 1:colcon.colcon_core.package_discovery:discover_packages(prefix_path) discover
[0.459s] DEBUG:colcon.colcon_installed_package_information.package_discovery:Found 23 installed packages in /home/viator/turtlebot3_ws/install
[0.460s] DEBUG:colcon.colcon_installed_package_information.package_discovery:Found 25 installed packages in /home/viator/ws/ros_ws/install
[0.461s] DEBUG:colcon.colcon_installed_package_information.package_discovery:Found 10 installed packages in /home/viator/ws/ros2_ws/install
[0.461s] DEBUG:colcon.colcon_installed_package_information.package_discovery:Found 2 installed packages in /home/viator/ws/b3p1_ws/install
[0.462s] DEBUG:colcon.colcon_installed_package_information.package_discovery:Found 206 installed packages in /opt/ros/humble
[0.463s] Level 1:colcon.colcon_core.package_discovery:discover_packages(prefix_path) using defaults
[0.516s] Level 5:colcon.colcon_core.verb:set package 'disaster_bot' build argument 'cmake_args' from command line to 'None'
[0.516s] Level 5:colcon.colcon_core.verb:set package 'disaster_bot' build argument 'cmake_target' from command line to 'None'
[0.516s] Level 5:colcon.colcon_core.verb:set package 'disaster_bot' build argument 'cmake_target_skip_unavailable' from command line to 'False'
[0.516s] Level 5:colcon.colcon_core.verb:set package 'disaster_bot' build argument 'cmake_clean_cache' from command line to 'False'
[0.516s] Level 5:colcon.colcon_core.verb:set package 'disaster_bot' build argument 'cmake_clean_first' from command line to 'False'
[0.516s] Level 5:colcon.colcon_core.verb:set package 'disaster_bot' build argument 'cmake_force_configure' from command line to 'False'
[0.516s] Level 5:colcon.colcon_core.verb:set package 'disaster_bot' build argument 'ament_cmake_args' from command line to 'None'
[0.516s] Level 5:colcon.colcon_core.verb:set package 'disaster_bot' build argument 'catkin_cmake_args' from command line to 'None'
[0.516s] Level 5:colcon.colcon_core.verb:set package 'disaster_bot' build argument 'catkin_skip_building_tests' from command line to 'False'
[0.516s] DEBUG:colcon.colcon_core.verb:Building package 'disaster_bot' with the following arguments: {'ament_cmake_args': None, 'build_base': '/home/viator/ws/ttb4_ws/disaster_bot/build/disaster_bot', 'catkin_cmake_args': None, 'catkin_skip_building_tests': False, 'cmake_args': None, 'cmake_clean_cache': False, 'cmake_clean_first': False, 'cmake_force_configure': False, 'cmake_target': None, 'cmake_target_skip_unavailable': False, 'install_base': '/home/viator/ws/ttb4_ws/disaster_bot/install/disaster_bot', 'merge_install': False, 'path': '/home/viator/ws/ttb4_ws/disaster_bot', 'symlink_install': False, 'test_result_base': None}
[0.516s] INFO:colcon.colcon_core.executor:Executing jobs using 'parallel' executor
[0.517s] DEBUG:colcon.colcon_parallel_executor.executor.parallel:run_until_complete
[0.518s] INFO:colcon.colcon_ros.task.ament_python.build:Building ROS package in '/home/viator/ws/ttb4_ws/disaster_bot' with build type 'ament_python'
[0.518s] Level 1:colcon.colcon_core.shell:create_environment_hook('disaster_bot', 'ament_prefix_path')
[0.521s] INFO:colcon.colcon_core.plugin_system:Skipping extension 'colcon_core.shell.bat': Not used on non-Windows systems
[0.521s] INFO:colcon.colcon_core.shell:Creating environment hook '/home/viator/ws/ttb4_ws/disaster_bot/install/disaster_bot/share/disaster_bot/hook/ament_prefix_path.ps1'
[0.522s] INFO:colcon.colcon_core.shell:Creating environment descriptor '/home/viator/ws/ttb4_ws/disaster_bot/install/disaster_bot/share/disaster_bot/hook/ament_prefix_path.dsv'
[0.523s] INFO:colcon.colcon_core.shell:Creating environment hook '/home/viator/ws/ttb4_ws/disaster_bot/install/disaster_bot/share/disaster_bot/hook/ament_prefix_path.sh'
[0.524s] INFO:colcon.colcon_core.shell:Skip shell extension 'powershell' for command environment: Not usable outside of PowerShell
[0.524s] DEBUG:colcon.colcon_core.shell:Skip shell extension 'dsv' for command environment
[0.790s] INFO:colcon.colcon_core.task.python.build:Building Python package in '/home/viator/ws/ttb4_ws/disaster_bot'
[0.791s] INFO:colcon.colcon_core.shell:Skip shell extension 'powershell' for command environment: Not usable outside of PowerShell
[0.791s] DEBUG:colcon.colcon_core.shell:Skip shell extension 'dsv' for command environment
[1.182s] DEBUG:colcon.colcon_core.event_handler.log_command:Invoking command in '/home/viator/ws/ttb4_ws/disaster_bot': PYTHONPATH=/home/viator/ws/ttb4_ws/disaster_bot/build/disaster_bot/prefix_override:/usr/lib/python3/dist-packages/colcon_core/task/python/colcon_distutils_commands:/home/viator/ws/ttb4_ws/disaster_bot/install/disaster_bot/lib/python3.10/site-packages:${PYTHONPATH} /usr/bin/python3 -W ignore:setup.py install is deprecated -W ignore:easy_install command is deprecated setup.py egg_info --egg-base build/disaster_bot build --build-base /home/viator/ws/ttb4_ws/disaster_bot/build/disaster_bot/build install --record /home/viator/ws/ttb4_ws/disaster_bot/build/disaster_bot/install.log --single-version-externally-managed install_data
[1.467s] DEBUG:colcon.colcon_core.event_handler.log_command:Invoked command in '/home/viator/ws/ttb4_ws/disaster_bot' returned '0': PYTHONPATH=/home/viator/ws/ttb4_ws/disaster_bot/build/disaster_bot/prefix_override:/usr/lib/python3/dist-packages/colcon_core/task/python/colcon_distutils_commands:/home/viator/ws/ttb4_ws/disaster_bot/install/disaster_bot/lib/python3.10/site-packages:${PYTHONPATH} /usr/bin/python3 -W ignore:setup.py install is deprecated -W ignore:easy_install command is deprecated setup.py egg_info --egg-base build/disaster_bot build --build-base /home/viator/ws/ttb4_ws/disaster_bot/build/disaster_bot/build install --record /home/viator/ws/ttb4_ws/disaster_bot/build/disaster_bot/install.log --single-version-externally-managed install_data
[1.471s] Level 1:colcon.colcon_core.environment:checking '/home/viator/ws/ttb4_ws/disaster_bot/install/disaster_bot' for CMake module files
[1.471s] Level 1:colcon.colcon_core.environment:checking '/home/viator/ws/ttb4_ws/disaster_bot/install/disaster_bot' for CMake config files
[1.472s] Level 1:colcon.colcon_core.environment:checking '/home/viator/ws/ttb4_ws/disaster_bot/install/disaster_bot/lib'
[1.472s] Level 1:colcon.colcon_core.environment:checking '/home/viator/ws/ttb4_ws/disaster_bot/install/disaster_bot/bin'
[1.472s] Level 1:colcon.colcon_core.environment:checking '/home/viator/ws/ttb4_ws/disaster_bot/install/disaster_bot/lib/pkgconfig/disaster_bot.pc'
[1.472s] Level 1:colcon.colcon_core.environment:checking '/home/viator/ws/ttb4_ws/disaster_bot/install/disaster_bot/lib/python3.10/site-packages'
[1.473s] Level 1:colcon.colcon_core.shell:create_environment_hook('disaster_bot', 'pythonpath')
[1.473s] INFO:colcon.colcon_core.shell:Creating environment hook '/home/viator/ws/ttb4_ws/disaster_bot/install/disaster_bot/share/disaster_bot/hook/pythonpath.ps1'
[1.473s] INFO:colcon.colcon_core.shell:Creating environment descriptor '/home/viator/ws/ttb4_ws/disaster_bot/install/disaster_bot/share/disaster_bot/hook/pythonpath.dsv'
[1.474s] INFO:colcon.colcon_core.shell:Creating environment hook '/home/viator/ws/ttb4_ws/disaster_bot/install/disaster_bot/share/disaster_bot/hook/pythonpath.sh'
[1.475s] Level 1:colcon.colcon_core.environment:checking '/home/viator/ws/ttb4_ws/disaster_bot/install/disaster_bot/bin'
[1.475s] Level 1:colcon.colcon_core.environment:create_environment_scripts_only(disaster_bot)
[1.475s] INFO:colcon.colcon_core.shell:Creating package script '/home/viator/ws/ttb4_ws/disaster_bot/install/disaster_bot/share/disaster_bot/package.ps1'
[1.476s] INFO:colcon.colcon_core.shell:Creating package descriptor '/home/viator/ws/ttb4_ws/disaster_bot/install/disaster_bot/share/disaster_bot/package.dsv'
[1.477s] INFO:colcon.colcon_core.shell:Creating package script '/home/viator/ws/ttb4_ws/disaster_bot/install/disaster_bot/share/disaster_bot/package.sh'
[1.477s] INFO:colcon.colcon_core.shell:Creating package script '/home/viator/ws/ttb4_ws/disaster_bot/install/disaster_bot/share/disaster_bot/package.bash'
[1.478s] INFO:colcon.colcon_core.shell:Creating package script '/home/viator/ws/ttb4_ws/disaster_bot/install/disaster_bot/share/disaster_bot/package.zsh'
[1.479s] Level 1:colcon.colcon_core.environment:create_file_with_runtime_dependencies(/home/viator/ws/ttb4_ws/disaster_bot/install/disaster_bot/share/colcon-core/packages/disaster_bot)
[1.479s] DEBUG:colcon.colcon_parallel_executor.executor.parallel:closing loop
[1.480s] DEBUG:colcon.colcon_parallel_executor.executor.parallel:loop closed
[1.480s] DEBUG:colcon.colcon_parallel_executor.executor.parallel:run_until_complete finished with '0'
[1.480s] DEBUG:colcon.colcon_core.event_reactor:joining thread
[1.485s] INFO:colcon.colcon_core.plugin_system:Skipping extension 'colcon_notification.desktop_notification.terminal_notifier': Not used on non-Darwin systems
[1.486s] INFO:colcon.colcon_core.plugin_system:Skipping extension 'colcon_notification.desktop_notification.win32': Not used on non-Windows systems
[1.486s] INFO:colcon.colcon_notification.desktop_notification:Sending desktop notification using 'notify2'
[1.500s] DEBUG:colcon.colcon_core.event_reactor:joined thread
[1.500s] INFO:colcon.colcon_core.shell:Creating prefix script '/home/viator/ws/ttb4_ws/disaster_bot/install/local_setup.ps1'
[1.502s] INFO:colcon.colcon_core.shell:Creating prefix util module '/home/viator/ws/ttb4_ws/disaster_bot/install/_local_setup_util_ps1.py'
[1.503s] INFO:colcon.colcon_core.shell:Creating prefix chain script '/home/viator/ws/ttb4_ws/disaster_bot/install/setup.ps1'
[1.506s] INFO:colcon.colcon_core.shell:Creating prefix script '/home/viator/ws/ttb4_ws/disaster_bot/install/local_setup.sh'
[1.507s] INFO:colcon.colcon_core.shell:Creating prefix util module '/home/viator/ws/ttb4_ws/disaster_bot/install/_local_setup_util_sh.py'
[1.507s] INFO:colcon.colcon_core.shell:Creating prefix chain script '/home/viator/ws/ttb4_ws/disaster_bot/install/setup.sh'
[1.511s] INFO:colcon.colcon_core.shell:Creating prefix script '/home/viator/ws/ttb4_ws/disaster_bot/install/local_setup.bash'
[1.512s] INFO:colcon.colcon_core.shell:Creating prefix chain script '/home/viator/ws/ttb4_ws/disaster_bot/install/setup.bash'
[1.515s] INFO:colcon.colcon_core.shell:Creating prefix script '/home/viator/ws/ttb4_ws/disaster_bot/install/local_setup.zsh'
[1.515s] INFO:colcon.colcon_core.shell:Creating prefix chain script '/home/viator/ws/ttb4_ws/disaster_bot/install/setup.zsh'
