running egg_info
creating build/disaster_bot/disaster_bot.egg-info
writing build/disaster_bot/disaster_bot.egg-info/PKG-INFO
writing dependency_links to build/disaster_bot/disaster_bot.egg-info/dependency_links.txt
writing entry points to build/disaster_bot/disaster_bot.egg-info/entry_points.txt
writing requirements to build/disaster_bot/disaster_bot.egg-info/requires.txt
writing top-level names to build/disaster_bot/disaster_bot.egg-info/top_level.txt
writing manifest file 'build/disaster_bot/disaster_bot.egg-info/SOURCES.txt'
reading manifest file 'build/disaster_bot/disaster_bot.egg-info/SOURCES.txt'
writing manifest file 'build/disaster_bot/disaster_bot.egg-info/SOURCES.txt'
running build
running build_py
creating /home/viator/ws/ttb4_ws/disaster_bot/build/disaster_bot/build
creating /home/viator/ws/ttb4_ws/disaster_bot/build/disaster_bot/build/lib
creating /home/viator/ws/ttb4_ws/disaster_bot/build/disaster_bot/build/lib/disaster_bot
copying disaster_bot/fire_ex5.py -> /home/viator/ws/ttb4_ws/disaster_bot/build/disaster_bot/build/lib/disaster_bot
copying disaster_bot/fire_ex4.py -> /home/viator/ws/ttb4_ws/disaster_bot/build/disaster_bot/build/lib/disaster_bot
copying disaster_bot/ttb4_compare2frame.py -> /home/viator/ws/ttb4_ws/disaster_bot/build/disaster_bot/build/lib/disaster_bot
copying disaster_bot/ttb4_orb.py -> /home/viator/ws/ttb4_ws/disaster_bot/build/disaster_bot/build/lib/disaster_bot
copying disaster_bot/fire_ex2.py -> /home/viator/ws/ttb4_ws/disaster_bot/build/disaster_bot/build/lib/disaster_bot
copying disaster_bot/fire_ex1.py -> /home/viator/ws/ttb4_ws/disaster_bot/build/disaster_bot/build/lib/disaster_bot
copying disaster_bot/ttb4_opitcal_flow.py -> /home/viator/ws/ttb4_ws/disaster_bot/build/disaster_bot/build/lib/disaster_bot
copying disaster_bot/__init__.py -> /home/viator/ws/ttb4_ws/disaster_bot/build/disaster_bot/build/lib/disaster_bot
copying disaster_bot/fire_ex_ori2.py -> /home/viator/ws/ttb4_ws/disaster_bot/build/disaster_bot/build/lib/disaster_bot
copying disaster_bot/fire_ex.py -> /home/viator/ws/ttb4_ws/disaster_bot/build/disaster_bot/build/lib/disaster_bot
copying disaster_bot/fire_ex_ori.py -> /home/viator/ws/ttb4_ws/disaster_bot/build/disaster_bot/build/lib/disaster_bot
copying disaster_bot/fire_ex3.py -> /home/viator/ws/ttb4_ws/disaster_bot/build/disaster_bot/build/lib/disaster_bot
running install
running install_lib
creating /home/viator/ws/ttb4_ws/disaster_bot/install/disaster_bot/lib/python3.10/site-packages/disaster_bot
copying /home/viator/ws/ttb4_ws/disaster_bot/build/disaster_bot/build/lib/disaster_bot/fire_ex5.py -> /home/viator/ws/ttb4_ws/disaster_bot/install/disaster_bot/lib/python3.10/site-packages/disaster_bot
copying /home/viator/ws/ttb4_ws/disaster_bot/build/disaster_bot/build/lib/disaster_bot/fire_ex4.py -> /home/viator/ws/ttb4_ws/disaster_bot/install/disaster_bot/lib/python3.10/site-packages/disaster_bot
copying /home/viator/ws/ttb4_ws/disaster_bot/build/disaster_bot/build/lib/disaster_bot/ttb4_compare2frame.py -> /home/viator/ws/ttb4_ws/disaster_bot/install/disaster_bot/lib/python3.10/site-packages/disaster_bot
copying /home/viator/ws/ttb4_ws/disaster_bot/build/disaster_bot/build/lib/disaster_bot/ttb4_orb.py -> /home/viator/ws/ttb4_ws/disaster_bot/install/disaster_bot/lib/python3.10/site-packages/disaster_bot
copying /home/viator/ws/ttb4_ws/disaster_bot/build/disaster_bot/build/lib/disaster_bot/fire_ex2.py -> /home/viator/ws/ttb4_ws/disaster_bot/install/disaster_bot/lib/python3.10/site-packages/disaster_bot
copying /home/viator/ws/ttb4_ws/disaster_bot/build/disaster_bot/build/lib/disaster_bot/fire_ex1.py -> /home/viator/ws/ttb4_ws/disaster_bot/install/disaster_bot/lib/python3.10/site-packages/disaster_bot
copying /home/viator/ws/ttb4_ws/disaster_bot/build/disaster_bot/build/lib/disaster_bot/ttb4_opitcal_flow.py -> /home/viator/ws/ttb4_ws/disaster_bot/install/disaster_bot/lib/python3.10/site-packages/disaster_bot
copying /home/viator/ws/ttb4_ws/disaster_bot/build/disaster_bot/build/lib/disaster_bot/__init__.py -> /home/viator/ws/ttb4_ws/disaster_bot/install/disaster_bot/lib/python3.10/site-packages/disaster_bot
copying /home/viator/ws/ttb4_ws/disaster_bot/build/disaster_bot/build/lib/disaster_bot/fire_ex_ori2.py -> /home/viator/ws/ttb4_ws/disaster_bot/install/disaster_bot/lib/python3.10/site-packages/disaster_bot
copying /home/viator/ws/ttb4_ws/disaster_bot/build/disaster_bot/build/lib/disaster_bot/fire_ex.py -> /home/viator/ws/ttb4_ws/disaster_bot/install/disaster_bot/lib/python3.10/site-packages/disaster_bot
copying /home/viator/ws/ttb4_ws/disaster_bot/build/disaster_bot/build/lib/disaster_bot/fire_ex_ori.py -> /home/viator/ws/ttb4_ws/disaster_bot/install/disaster_bot/lib/python3.10/site-packages/disaster_bot
copying /home/viator/ws/ttb4_ws/disaster_bot/build/disaster_bot/build/lib/disaster_bot/fire_ex3.py -> /home/viator/ws/ttb4_ws/disaster_bot/install/disaster_bot/lib/python3.10/site-packages/disaster_bot
byte-compiling /home/viator/ws/ttb4_ws/disaster_bot/install/disaster_bot/lib/python3.10/site-packages/disaster_bot/fire_ex5.py to fire_ex5.cpython-310.pyc
byte-compiling /home/viator/ws/ttb4_ws/disaster_bot/install/disaster_bot/lib/python3.10/site-packages/disaster_bot/fire_ex4.py to fire_ex4.cpython-310.pyc
byte-compiling /home/viator/ws/ttb4_ws/disaster_bot/install/disaster_bot/lib/python3.10/site-packages/disaster_bot/ttb4_compare2frame.py to ttb4_compare2frame.cpython-310.pyc
byte-compiling /home/viator/ws/ttb4_ws/disaster_bot/install/disaster_bot/lib/python3.10/site-packages/disaster_bot/ttb4_orb.py to ttb4_orb.cpython-310.pyc
byte-compiling /home/viator/ws/ttb4_ws/disaster_bot/install/disaster_bot/lib/python3.10/site-packages/disaster_bot/fire_ex2.py to fire_ex2.cpython-310.pyc
byte-compiling /home/viator/ws/ttb4_ws/disaster_bot/install/disaster_bot/lib/python3.10/site-packages/disaster_bot/fire_ex1.py to fire_ex1.cpython-310.pyc
byte-compiling /home/viator/ws/ttb4_ws/disaster_bot/install/disaster_bot/lib/python3.10/site-packages/disaster_bot/ttb4_opitcal_flow.py to ttb4_opitcal_flow.cpython-310.pyc
byte-compiling /home/viator/ws/ttb4_ws/disaster_bot/install/disaster_bot/lib/python3.10/site-packages/disaster_bot/__init__.py to __init__.cpython-310.pyc
byte-compiling /home/viator/ws/ttb4_ws/disaster_bot/install/disaster_bot/lib/python3.10/site-packages/disaster_bot/fire_ex_ori2.py to fire_ex_ori2.cpython-310.pyc
byte-compiling /home/viator/ws/ttb4_ws/disaster_bot/install/disaster_bot/lib/python3.10/site-packages/disaster_bot/fire_ex.py to fire_ex.cpython-310.pyc
byte-compiling /home/viator/ws/ttb4_ws/disaster_bot/install/disaster_bot/lib/python3.10/site-packages/disaster_bot/fire_ex_ori.py to fire_ex_ori.cpython-310.pyc
byte-compiling /home/viator/ws/ttb4_ws/disaster_bot/install/disaster_bot/lib/python3.10/site-packages/disaster_bot/fire_ex3.py to fire_ex3.cpython-310.pyc
running install_data
creating /home/viator/ws/ttb4_ws/disaster_bot/install/disaster_bot/share/ament_index
creating /home/viator/ws/ttb4_ws/disaster_bot/install/disaster_bot/share/ament_index/resource_index
creating /home/viator/ws/ttb4_ws/disaster_bot/install/disaster_bot/share/ament_index/resource_index/packages
copying resource/disaster_bot -> /home/viator/ws/ttb4_ws/disaster_bot/install/disaster_bot/share/ament_index/resource_index/packages
copying package.xml -> /home/viator/ws/ttb4_ws/disaster_bot/install/disaster_bot/share/disaster_bot
running install_egg_info
Copying build/disaster_bot/disaster_bot.egg-info to /home/viator/ws/ttb4_ws/disaster_bot/install/disaster_bot/lib/python3.10/site-packages/disaster_bot-0.0.0-py3.10.egg-info
running install_scripts
Installing dibot script to /home/viator/ws/ttb4_ws/disaster_bot/install/disaster_bot/lib/disaster_bot
writing list of installed files to '/home/viator/ws/ttb4_ws/disaster_bot/build/disaster_bot/install.log'
