[0.664s] Invoking command in '/home/viator/ws/ttb4_ws/disaster_bot': PYTHONPATH=/home/viator/ws/ttb4_ws/disaster_bot/build/disaster_bot/prefix_override:/usr/lib/python3/dist-packages/colcon_core/task/python/colcon_distutils_commands:/home/viator/ws/ttb4_ws/disaster_bot/install/disaster_bot/lib/python3.10/site-packages:${PYTHONPATH} /usr/bin/python3 -W ignore:setup.py install is deprecated -W ignore:easy_install command is deprecated setup.py egg_info --egg-base build/disaster_bot build --build-base /home/viator/ws/ttb4_ws/disaster_bot/build/disaster_bot/build install --record /home/viator/ws/ttb4_ws/disaster_bot/build/disaster_bot/install.log --single-version-externally-managed install_data
[0.893s] running egg_info
[0.894s] writing build/disaster_bot/disaster_bot.egg-info/PKG-INFO
[0.894s] writing dependency_links to build/disaster_bot/disaster_bot.egg-info/dependency_links.txt
[0.894s] writing entry points to build/disaster_bot/disaster_bot.egg-info/entry_points.txt
[0.894s] writing requirements to build/disaster_bot/disaster_bot.egg-info/requires.txt
[0.894s] writing top-level names to build/disaster_bot/disaster_bot.egg-info/top_level.txt
[0.896s] reading manifest file 'build/disaster_bot/disaster_bot.egg-info/SOURCES.txt'
[0.897s] writing manifest file 'build/disaster_bot/disaster_bot.egg-info/SOURCES.txt'
[0.898s] running build
[0.898s] running build_py
[0.898s] running install
[0.898s] running install_lib
[0.900s] running install_data
[0.901s] running install_egg_info
[0.902s] removing '/home/viator/ws/ttb4_ws/disaster_bot/install/disaster_bot/lib/python3.10/site-packages/disaster_bot-0.0.0-py3.10.egg-info' (and everything under it)
[0.902s] Copying build/disaster_bot/disaster_bot.egg-info to /home/viator/ws/ttb4_ws/disaster_bot/install/disaster_bot/lib/python3.10/site-packages/disaster_bot-0.0.0-py3.10.egg-info
[0.903s] running install_scripts
[0.922s] Installing dibot script to /home/viator/ws/ttb4_ws/disaster_bot/install/disaster_bot/lib/disaster_bot
[0.923s] writing list of installed files to '/home/viator/ws/ttb4_ws/disaster_bot/build/disaster_bot/install.log'
[0.949s] Invoked command in '/home/viator/ws/ttb4_ws/disaster_bot' returned '0': PYTHONPATH=/home/viator/ws/ttb4_ws/disaster_bot/build/disaster_bot/prefix_override:/usr/lib/python3/dist-packages/colcon_core/task/python/colcon_distutils_commands:/home/viator/ws/ttb4_ws/disaster_bot/install/disaster_bot/lib/python3.10/site-packages:${PYTHONPATH} /usr/bin/python3 -W ignore:setup.py install is deprecated -W ignore:easy_install command is deprecated setup.py egg_info --egg-base build/disaster_bot build --build-base /home/viator/ws/ttb4_ws/disaster_bot/build/disaster_bot/build install --record /home/viator/ws/ttb4_ws/disaster_bot/build/disaster_bot/install.log --single-version-externally-managed install_data
